<?xml version="1.0" encoding="UTF-8"?>
<testsuite name="hanyang.eos.eosBackend.EosBackendApplicationTests" tests="1" skipped="0" failures="0" errors="0" timestamp="2024-03-11T07:42:02" hostname="sitb-server" time="1.175">
  <properties/>
  <testcase name="contextLoads()" classname="hanyang.eos.eosBackend.EosBackendApplicationTests" time="1.175"/>
  <system-out><![CDATA[07:41:54.398 [Test worker] INFO org.springframework.test.context.support.AnnotationConfigContextLoaderUtils -- Could not detect default configuration classes for test class [hanyang.eos.eosBackend.EosBackendApplicationTests]: EosBackendApplicationTests does not declare any static, non-private, non-final, nested classes annotated with @Configuration.
07:41:54.684 [Test worker] INFO org.springframework.boot.test.context.SpringBootTestContextBootstrapper -- Found @SpringBootConfiguration hanyang.eos.eosBackend.EosBackendApplication for test class hanyang.eos.eosBackend.EosBackendApplicationTests

  .   ____          _            __ _ _
 /\\ / ___'_ __ _ _(_)_ __  __ _ \ \ \ \
( ( )\___ | '_ | '_| | '_ \/ _` | \ \ \ \
 \\/  ___)| |_)| | | | | || (_| |  ) ) ) )
  '  |____| .__|_| |_|_| |_\__, | / / / /
 =========|_|==============|___/=/_/_/_/
 :: Spring Boot ::                (v3.2.1)

2024-03-11T07:41:55.723Z  INFO 1190 --- [    Test worker] h.e.e.EosBackendApplicationTests         : Starting EosBackendApplicationTests using Java 17.0.10 with PID 1190 (started by SITB in /home/SITB/eos-backend-spring)
2024-03-11T07:41:55.736Z  INFO 1190 --- [    Test worker] h.e.e.EosBackendApplicationTests         : No active profile set, falling back to 1 default profile: "default"
2024-03-11T07:41:57.818Z  INFO 1190 --- [    Test worker] .s.d.r.c.RepositoryConfigurationDelegate : Bootstrapping Spring Data JPA repositories in DEFAULT mode.
2024-03-11T07:41:57.867Z  INFO 1190 --- [    Test worker] .s.d.r.c.RepositoryConfigurationDelegate : Finished Spring Data repository scanning in 23 ms. Found 0 JPA repository interfaces.
2024-03-11T07:41:58.854Z  INFO 1190 --- [    Test worker] o.hibernate.jpa.internal.util.LogHelper  : HHH000204: Processing PersistenceUnitInfo [name: default]
2024-03-11T07:41:59.000Z  INFO 1190 --- [    Test worker] org.hibernate.Version                    : HHH000412: Hibernate ORM core version 6.4.1.Final
2024-03-11T07:41:59.083Z  INFO 1190 --- [    Test worker] o.h.c.internal.RegionFactoryInitiator    : HHH000026: Second-level cache disabled
2024-03-11T07:41:59.666Z  INFO 1190 --- [    Test worker] o.s.o.j.p.SpringPersistenceUnitInfo      : No LoadTimeWeaver setup: ignoring JPA class transformer
2024-03-11T07:41:59.728Z  INFO 1190 --- [    Test worker] com.zaxxer.hikari.HikariDataSource       : HikariPool-1 - Starting...
2024-03-11T07:42:00.265Z  INFO 1190 --- [    Test worker] com.zaxxer.hikari.pool.HikariPool        : HikariPool-1 - Added connection com.mysql.cj.jdbc.ConnectionImpl@45dde6ac
2024-03-11T07:42:00.270Z  INFO 1190 --- [    Test worker] com.zaxxer.hikari.HikariDataSource       : HikariPool-1 - Start completed.
2024-03-11T07:42:01.199Z  INFO 1190 --- [    Test worker] o.h.e.t.j.p.i.JtaPlatformInitiator       : HHH000489: No JTA platform available (set 'hibernate.transaction.jta.platform' to enable JTA platform integration)
2024-03-11T07:42:01.211Z  INFO 1190 --- [    Test worker] j.LocalContainerEntityManagerFactoryBean : Initialized JPA EntityManagerFactory for persistence unit 'default'
2024-03-11T07:42:01.599Z  WARN 1190 --- [    Test worker] JpaBaseConfiguration$JpaWebConfiguration : spring.jpa.open-in-view is enabled by default. Therefore, database queries may be performed during view rendering. Explicitly configure spring.jpa.open-in-view to disable this warning
2024-03-11T07:42:02.651Z  INFO 1190 --- [    Test worker] h.e.e.EosBackendApplicationTests         : Started EosBackendApplicationTests in 7.589 seconds (process running for 10.243)
]]></system-out>
  <system-err><![CDATA[]]></system-err>
</testsuite>
